<?xml version="1.0" encoding="UTF-8"?>
<testsuite hostname="DESKTOP-04BK3GM" name="MavenTestNGGitHubJenkins.MavenTestNGGitHubJenkinsArtID.confirmationPopUpHandler" tests="2" failures="0" timestamp="22 Nov 2017 03:10:53 GMT" time="40.075" errors="0">
  <testcase name="confirmationPopUp" time="40.057" classname="MavenTestNGGitHubJenkins.MavenTestNGGitHubJenkinsArtID.confirmationPopUpHandler"/>
  <testcase name="printMsg" time="0.001" classname="MavenTestNGGitHubJenkins.MavenTestNGGitHubJenkinsArtID.confirmationPopUpHandler"/>
</testsuite>
