<?xml version="1.0" encoding="UTF-8"?>
<testng-results skipped="0" failed="0" total="4" passed="4">
  <reporter-output>
  </reporter-output>
  <suite name="Suite" duration-ms="80080" started-at="2017-11-21T22:10:13Z" finished-at="2017-11-21T22:11:33Z">
    <groups>
    </groups>
    <test name="SecondTest" duration-ms="39903" started-at="2017-11-21T22:10:53Z" finished-at="2017-11-21T22:11:33Z">
      <class name="MavenTestNGGitHubJenkins.MavenTestNGGitHubJenkinsArtID.confirmationPopUpHandler">
        <test-method status="PASS" signature="confirmationPopUp()" name="confirmationPopUp" duration-ms="39887" started-at="2017-11-21T22:10:53Z" finished-at="2017-11-21T22:11:33Z">
        </test-method>
        <test-method status="PASS" signature="printMsg()" name="printMsg" duration-ms="3" started-at="2017-11-21T22:11:33Z" finished-at="2017-11-21T22:11:33Z">
        </test-method>
      </class>
    </test>
    <test name="FirstTest" duration-ms="40075" started-at="2017-11-21T22:10:13Z" finished-at="2017-11-21T22:10:53Z">
      <class name="MavenTestNGGitHubJenkins.MavenTestNGGitHubJenkinsArtID.confirmationPopUpHandler">
        <test-method status="PASS" signature="confirmationPopUp()" name="confirmationPopUp" duration-ms="40057" started-at="2017-11-21T22:10:13Z" finished-at="2017-11-21T22:10:53Z">
        </test-method>
        <test-method status="PASS" signature="printMsg()" name="printMsg" duration-ms="1" started-at="2017-11-21T22:10:53Z" finished-at="2017-11-21T22:10:53Z">
        </test-method>
      </class>
    </test>
  </suite>
</testng-results>
